{"/home/guilhermegiacomin/Desktop/Pessoal/redux-study/src/math.js": {"path":"/home/guilhermegiacomin/Desktop/Pessoal/redux-study/src/math.js","statementMap":{"0":{"start":{"line":1,"column":22},"end":{"line":1,"column":45}},"1":{"start":{"line":1,"column":32},"end":{"line":1,"column":45}}},"fnMap":{"0":{"name":"(anonymous_0)","decl":{"start":{"line":1,"column":22},"end":{"line":1,"column":23}},"loc":{"start":{"line":1,"column":32},"end":{"line":1,"column":45}},"line":1}},"branchMap":{},"s":{"0":1,"1":2},"f":{"0":2},"b":{},"_coverageSchema":"1a1c01bbd47fc00a2c39e90264f33305004495a9","hash":"a41dfed0dbe3fb20cd2c40b0f494b6e7eb6cb3b3"}
,"/home/guilhermegiacomin/Desktop/Pessoal/redux-study/src/store/api.js": {"path":"/home/guilhermegiacomin/Desktop/Pessoal/redux-study/src/store/api.js","statementMap":{"0":{"start":{"line":3,"column":28},"end":{"line":3,"column":57}},"1":{"start":{"line":4,"column":30},"end":{"line":4,"column":61}},"2":{"start":{"line":5,"column":27},"end":{"line":5,"column":55}}},"fnMap":{},"branchMap":{},"s":{"0":1,"1":1,"2":1},"f":{},"b":{},"_coverageSchema":"1a1c01bbd47fc00a2c39e90264f33305004495a9","hash":"df75240114ad8073f97d8748c7876b895defc500"}
,"/home/guilhermegiacomin/Desktop/Pessoal/redux-study/src/store/bugs.js": {"path":"/home/guilhermegiacomin/Desktop/Pessoal/redux-study/src/store/bugs.js","statementMap":{"0":{"start":{"line":5,"column":29},"end":{"line":48,"column":2}},"1":{"start":{"line":14,"column":6},"end":{"line":14,"column":26}},"2":{"start":{"line":18,"column":6},"end":{"line":18,"column":33}},"3":{"start":{"line":19,"column":6},"end":{"line":19,"column":27}},"4":{"start":{"line":20,"column":6},"end":{"line":20,"column":34}},"5":{"start":{"line":24,"column":6},"end":{"line":24,"column":27}},"6":{"start":{"line":28,"column":6},"end":{"line":28,"column":37}},"7":{"start":{"line":32,"column":28},"end":{"line":32,"column":42}},"8":{"start":{"line":33,"column":20},"end":{"line":33,"column":66}},"9":{"start":{"line":33,"column":49},"end":{"line":33,"column":65}},"10":{"start":{"line":34,"column":6},"end":{"line":34,"column":39}},"11":{"start":{"line":38,"column":20},"end":{"line":38,"column":74}},"12":{"start":{"line":38,"column":47},"end":{"line":38,"column":73}},"13":{"start":{"line":39,"column":6},"end":{"line":39,"column":37}},"14":{"start":{"line":43,"column":36},"end":{"line":43,"column":50}},"15":{"start":{"line":44,"column":20},"end":{"line":44,"column":64}},"16":{"start":{"line":44,"column":47},"end":{"line":44,"column":63}},"17":{"start":{"line":45,"column":6},"end":{"line":45,"column":39}},"18":{"start":{"line":58,"column":4},"end":{"line":58,"column":11}},"19":{"start":{"line":63,"column":12},"end":{"line":63,"column":19}},"20":{"start":{"line":65,"column":22},"end":{"line":71,"column":4}},"21":{"start":{"line":66,"column":2},"end":{"line":71,"column":4}},"22":{"start":{"line":73,"column":26},"end":{"line":79,"column":4}},"23":{"start":{"line":74,"column":2},"end":{"line":79,"column":4}},"24":{"start":{"line":81,"column":25},"end":{"line":87,"column":4}},"25":{"start":{"line":82,"column":2},"end":{"line":87,"column":4}},"26":{"start":{"line":89,"column":24},"end":{"line":108,"column":1}},"27":{"start":{"line":89,"column":30},"end":{"line":108,"column":1}},"28":{"start":{"line":90,"column":24},"end":{"line":90,"column":48}},"29":{"start":{"line":93,"column":27},"end":{"line":93,"column":29}},"30":{"start":{"line":94,"column":2},"end":{"line":98,"column":11}},"31":{"start":{"line":98,"column":4},"end":{"line":98,"column":11}},"32":{"start":{"line":100,"column":2},"end":{"line":107,"column":4}},"33":{"start":{"line":120,"column":33},"end":{"line":123,"column":1}},"34":{"start":{"line":121,"column":13},"end":{"line":121,"column":32}},"35":{"start":{"line":122,"column":12},"end":{"line":122,"column":52}},"36":{"start":{"line":122,"column":38},"end":{"line":122,"column":51}},"37":{"start":{"line":125,"column":37},"end":{"line":131,"column":1}},"38":{"start":{"line":127,"column":15},"end":{"line":127,"column":34}},"39":{"start":{"line":128,"column":19},"end":{"line":128,"column":21}},"40":{"start":{"line":130,"column":16},"end":{"line":130,"column":60}},"41":{"start":{"line":130,"column":42},"end":{"line":130,"column":59}}},"fnMap":{"0":{"name":"(anonymous_0)","decl":{"start":{"line":13,"column":19},"end":{"line":13,"column":20}},"loc":{"start":{"line":13,"column":37},"end":{"line":15,"column":5}},"line":13},"1":{"name":"(anonymous_1)","decl":{"start":{"line":17,"column":18},"end":{"line":17,"column":19}},"loc":{"start":{"line":17,"column":36},"end":{"line":21,"column":5}},"line":17},"2":{"name":"(anonymous_2)","decl":{"start":{"line":23,"column":21},"end":{"line":23,"column":22}},"loc":{"start":{"line":23,"column":39},"end":{"line":25,"column":5}},"line":23},"3":{"name":"(anonymous_3)","decl":{"start":{"line":27,"column":14},"end":{"line":27,"column":15}},"loc":{"start":{"line":27,"column":32},"end":{"line":29,"column":5}},"line":27},"4":{"name":"(anonymous_4)","decl":{"start":{"line":31,"column":17},"end":{"line":31,"column":18}},"loc":{"start":{"line":31,"column":35},"end":{"line":35,"column":5}},"line":31},"5":{"name":"(anonymous_5)","decl":{"start":{"line":33,"column":40},"end":{"line":33,"column":41}},"loc":{"start":{"line":33,"column":49},"end":{"line":33,"column":65}},"line":33},"6":{"name":"(anonymous_6)","decl":{"start":{"line":37,"column":16},"end":{"line":37,"column":17}},"loc":{"start":{"line":37,"column":34},"end":{"line":40,"column":5}},"line":37},"7":{"name":"(anonymous_7)","decl":{"start":{"line":38,"column":40},"end":{"line":38,"column":41}},"loc":{"start":{"line":38,"column":47},"end":{"line":38,"column":73}},"line":38},"8":{"name":"(anonymous_8)","decl":{"start":{"line":42,"column":17},"end":{"line":42,"column":18}},"loc":{"start":{"line":42,"column":35},"end":{"line":46,"column":5}},"line":42},"9":{"name":"(anonymous_9)","decl":{"start":{"line":44,"column":40},"end":{"line":44,"column":41}},"loc":{"start":{"line":44,"column":47},"end":{"line":44,"column":63}},"line":44},"10":{"name":"(anonymous_10)","decl":{"start":{"line":65,"column":22},"end":{"line":65,"column":23}},"loc":{"start":{"line":66,"column":2},"end":{"line":71,"column":4}},"line":66},"11":{"name":"(anonymous_11)","decl":{"start":{"line":73,"column":26},"end":{"line":73,"column":27}},"loc":{"start":{"line":74,"column":2},"end":{"line":79,"column":4}},"line":74},"12":{"name":"(anonymous_12)","decl":{"start":{"line":81,"column":25},"end":{"line":81,"column":26}},"loc":{"start":{"line":82,"column":2},"end":{"line":87,"column":4}},"line":82},"13":{"name":"(anonymous_13)","decl":{"start":{"line":89,"column":24},"end":{"line":89,"column":25}},"loc":{"start":{"line":89,"column":30},"end":{"line":108,"column":1}},"line":89},"14":{"name":"(anonymous_14)","decl":{"start":{"line":89,"column":30},"end":{"line":89,"column":31}},"loc":{"start":{"line":89,"column":54},"end":{"line":108,"column":1}},"line":89},"15":{"name":"(anonymous_15)","decl":{"start":{"line":121,"column":2},"end":{"line":121,"column":3}},"loc":{"start":{"line":121,"column":13},"end":{"line":121,"column":32}},"line":121},"16":{"name":"(anonymous_16)","decl":{"start":{"line":122,"column":2},"end":{"line":122,"column":3}},"loc":{"start":{"line":122,"column":12},"end":{"line":122,"column":52}},"line":122},"17":{"name":"(anonymous_17)","decl":{"start":{"line":122,"column":29},"end":{"line":122,"column":30}},"loc":{"start":{"line":122,"column":38},"end":{"line":122,"column":51}},"line":122},"18":{"name":"(anonymous_18)","decl":{"start":{"line":127,"column":4},"end":{"line":127,"column":5}},"loc":{"start":{"line":127,"column":15},"end":{"line":127,"column":34}},"line":127},"19":{"name":"(anonymous_19)","decl":{"start":{"line":128,"column":4},"end":{"line":128,"column":5}},"loc":{"start":{"line":128,"column":19},"end":{"line":128,"column":21}},"line":128},"20":{"name":"(anonymous_20)","decl":{"start":{"line":130,"column":2},"end":{"line":130,"column":3}},"loc":{"start":{"line":130,"column":16},"end":{"line":130,"column":60}},"line":130},"21":{"name":"(anonymous_21)","decl":{"start":{"line":130,"column":33},"end":{"line":130,"column":34}},"loc":{"start":{"line":130,"column":42},"end":{"line":130,"column":59}},"line":130}},"branchMap":{"0":{"loc":{"start":{"line":94,"column":2},"end":{"line":98,"column":11}},"type":"if","locations":[{"start":{"line":94,"column":2},"end":{"line":98,"column":11}},{"start":{},"end":{}}],"line":94}},"s":{"0":1,"1":5,"2":4,"3":4,"4":4,"5":1,"6":3,"7":1,"8":1,"9":1,"10":1,"11":0,"12":0,"13":0,"14":0,"15":0,"16":0,"17":0,"18":1,"19":1,"20":1,"21":4,"22":1,"23":2,"24":1,"25":0,"26":1,"27":6,"28":6,"29":6,"30":6,"31":1,"32":5,"33":1,"34":1,"35":1,"36":3,"37":1,"38":0,"39":0,"40":0,"41":0},"f":{"0":5,"1":4,"2":1,"3":3,"4":1,"5":1,"6":0,"7":0,"8":0,"9":0,"10":4,"11":2,"12":0,"13":6,"14":6,"15":1,"16":1,"17":3,"18":0,"19":0,"20":0,"21":0},"b":{"0":[1,5]},"_coverageSchema":"1a1c01bbd47fc00a2c39e90264f33305004495a9","hash":"0d8de655ab338d22415a48564f0f0889780dbfda"}
,"/home/guilhermegiacomin/Desktop/Pessoal/redux-study/src/store/configureStore.js": {"path":"/home/guilhermegiacomin/Desktop/Pessoal/redux-study/src/store/configureStore.js","statementMap":{"0":{"start":{"line":8,"column":2},"end":{"line":16,"column":5}},"1":{"start":{"line":10,"column":42},"end":{"line":15,"column":5}}},"fnMap":{"0":{"name":"(anonymous_0)","decl":{"start":{"line":7,"column":15},"end":{"line":7,"column":16}},"loc":{"start":{"line":7,"column":27},"end":{"line":17,"column":1}},"line":7},"1":{"name":"(anonymous_1)","decl":{"start":{"line":10,"column":16},"end":{"line":10,"column":17}},"loc":{"start":{"line":10,"column":42},"end":{"line":15,"column":5}},"line":10}},"branchMap":{},"s":{"0":10,"1":10},"f":{"0":10,"1":10},"b":{},"_coverageSchema":"1a1c01bbd47fc00a2c39e90264f33305004495a9","hash":"d3318e5bf45825d1d1cc6b5823c29b31030ea987"}
,"/home/guilhermegiacomin/Desktop/Pessoal/redux-study/src/store/entities.js": {"path":"/home/guilhermegiacomin/Desktop/Pessoal/redux-study/src/store/entities.js","statementMap":{},"fnMap":{},"branchMap":{},"s":{},"f":{},"b":{},"_coverageSchema":"1a1c01bbd47fc00a2c39e90264f33305004495a9","hash":"06e0bc806fe104619a66ad0efc25bd520128c0e6"}
,"/home/guilhermegiacomin/Desktop/Pessoal/redux-study/src/store/projects.js": {"path":"/home/guilhermegiacomin/Desktop/Pessoal/redux-study/src/store/projects.js","statementMap":{"0":{"start":{"line":3,"column":13},"end":{"line":3,"column":14}},"1":{"start":{"line":5,"column":29},"end":{"line":13,"column":2}},"2":{"start":{"line":10,"column":6},"end":{"line":10,"column":65}},"3":{"start":{"line":15,"column":32},"end":{"line":15,"column":39}}},"fnMap":{"0":{"name":"(anonymous_0)","decl":{"start":{"line":9,"column":18},"end":{"line":9,"column":19}},"loc":{"start":{"line":9,"column":40},"end":{"line":11,"column":5}},"line":9}},"branchMap":{},"s":{"0":1,"1":1,"2":0,"3":1},"f":{"0":0},"b":{},"_coverageSchema":"1a1c01bbd47fc00a2c39e90264f33305004495a9","hash":"ae1df23a1c91eafe67e387593cef587a116bbec1"}
,"/home/guilhermegiacomin/Desktop/Pessoal/redux-study/src/store/reducer.js": {"path":"/home/guilhermegiacomin/Desktop/Pessoal/redux-study/src/store/reducer.js","statementMap":{},"fnMap":{},"branchMap":{},"s":{},"f":{},"b":{},"_coverageSchema":"1a1c01bbd47fc00a2c39e90264f33305004495a9","hash":"dc9221be285b419bf94691d2255fd9158a32883a"}
,"/home/guilhermegiacomin/Desktop/Pessoal/redux-study/src/store/users.js": {"path":"/home/guilhermegiacomin/Desktop/Pessoal/redux-study/src/store/users.js","statementMap":{"0":{"start":{"line":3,"column":13},"end":{"line":3,"column":14}},"1":{"start":{"line":5,"column":29},"end":{"line":16,"column":2}},"2":{"start":{"line":10,"column":6},"end":{"line":13,"column":9}},"3":{"start":{"line":18,"column":29},"end":{"line":18,"column":36}}},"fnMap":{"0":{"name":"(anonymous_0)","decl":{"start":{"line":9,"column":15},"end":{"line":9,"column":16}},"loc":{"start":{"line":9,"column":34},"end":{"line":14,"column":5}},"line":9}},"branchMap":{},"s":{"0":1,"1":1,"2":0,"3":1},"f":{"0":0},"b":{},"_coverageSchema":"1a1c01bbd47fc00a2c39e90264f33305004495a9","hash":"144f75344190cc5b725f4b69e2be694be622a5ac"}
,"/home/guilhermegiacomin/Desktop/Pessoal/redux-study/src/store/middleware/api.js": {"path":"/home/guilhermegiacomin/Desktop/Pessoal/redux-study/src/store/middleware/api.js","statementMap":{"0":{"start":{"line":4,"column":12},"end":{"line":33,"column":1}},"1":{"start":{"line":4,"column":30},"end":{"line":33,"column":1}},"2":{"start":{"line":4,"column":38},"end":{"line":33,"column":1}},"3":{"start":{"line":5,"column":2},"end":{"line":5,"column":68}},"4":{"start":{"line":5,"column":49},"end":{"line":5,"column":68}},"5":{"start":{"line":7,"column":68},"end":{"line":7,"column":82}},"6":{"start":{"line":9,"column":2},"end":{"line":9,"column":57}},"7":{"start":{"line":9,"column":22},"end":{"line":9,"column":57}},"8":{"start":{"line":11,"column":2},"end":{"line":11,"column":15}},"9":{"start":{"line":13,"column":2},"end":{"line":32,"column":3}},"10":{"start":{"line":14,"column":16},"end":{"line":20,"column":6}},"11":{"start":{"line":23,"column":4},"end":{"line":23,"column":47}},"12":{"start":{"line":25,"column":4},"end":{"line":25,"column":68}},"13":{"start":{"line":25,"column":19},"end":{"line":25,"column":68}},"14":{"start":{"line":29,"column":4},"end":{"line":29,"column":49}},"15":{"start":{"line":31,"column":4},"end":{"line":31,"column":68}},"16":{"start":{"line":31,"column":17},"end":{"line":31,"column":68}}},"fnMap":{"0":{"name":"(anonymous_0)","decl":{"start":{"line":4,"column":12},"end":{"line":4,"column":13}},"loc":{"start":{"line":4,"column":30},"end":{"line":33,"column":1}},"line":4},"1":{"name":"(anonymous_1)","decl":{"start":{"line":4,"column":30},"end":{"line":4,"column":31}},"loc":{"start":{"line":4,"column":38},"end":{"line":33,"column":1}},"line":4},"2":{"name":"(anonymous_2)","decl":{"start":{"line":4,"column":38},"end":{"line":4,"column":39}},"loc":{"start":{"line":4,"column":54},"end":{"line":33,"column":1}},"line":4}},"branchMap":{"0":{"loc":{"start":{"line":5,"column":2},"end":{"line":5,"column":68}},"type":"if","locations":[{"start":{"line":5,"column":2},"end":{"line":5,"column":68}},{"start":{},"end":{}}],"line":5},"1":{"loc":{"start":{"line":9,"column":2},"end":{"line":9,"column":57}},"type":"if","locations":[{"start":{"line":9,"column":2},"end":{"line":9,"column":57}},{"start":{},"end":{}}],"line":9},"2":{"loc":{"start":{"line":25,"column":4},"end":{"line":25,"column":68}},"type":"if","locations":[{"start":{"line":25,"column":4},"end":{"line":25,"column":68}},{"start":{},"end":{}}],"line":25},"3":{"loc":{"start":{"line":31,"column":4},"end":{"line":31,"column":68}},"type":"if","locations":[{"start":{"line":31,"column":4},"end":{"line":31,"column":68}},{"start":{},"end":{}}],"line":31}},"s":{"0":1,"1":10,"2":10,"3":36,"4":25,"5":11,"6":11,"7":5,"8":11,"9":11,"10":11,"11":8,"12":8,"13":8,"14":3,"15":3,"16":1},"f":{"0":10,"1":10,"2":36},"b":{"0":[25,11],"1":[5,6],"2":[8,0],"3":[1,2]},"_coverageSchema":"1a1c01bbd47fc00a2c39e90264f33305004495a9","hash":"c88311b094d93b2df76fc3eba594b48059eeb0ab"}
,"/home/guilhermegiacomin/Desktop/Pessoal/redux-study/src/store/middleware/error.js": {"path":"/home/guilhermegiacomin/Desktop/Pessoal/redux-study/src/store/middleware/error.js","statementMap":{"0":{"start":{"line":1,"column":14},"end":{"line":7,"column":1}},"1":{"start":{"line":1,"column":23},"end":{"line":7,"column":1}},"2":{"start":{"line":1,"column":31},"end":{"line":7,"column":1}},"3":{"start":{"line":2,"column":2},"end":{"line":6,"column":3}},"4":{"start":{"line":3,"column":4},"end":{"line":3,"column":45}},"5":{"start":{"line":5,"column":4},"end":{"line":5,"column":24}}},"fnMap":{"0":{"name":"(anonymous_0)","decl":{"start":{"line":1,"column":14},"end":{"line":1,"column":15}},"loc":{"start":{"line":1,"column":23},"end":{"line":7,"column":1}},"line":1},"1":{"name":"(anonymous_1)","decl":{"start":{"line":1,"column":23},"end":{"line":1,"column":24}},"loc":{"start":{"line":1,"column":31},"end":{"line":7,"column":1}},"line":1},"2":{"name":"(anonymous_2)","decl":{"start":{"line":1,"column":31},"end":{"line":1,"column":32}},"loc":{"start":{"line":1,"column":41},"end":{"line":7,"column":1}},"line":1}},"branchMap":{"0":{"loc":{"start":{"line":2,"column":2},"end":{"line":6,"column":3}},"type":"if","locations":[{"start":{"line":2,"column":2},"end":{"line":6,"column":3}},{"start":{"line":4,"column":9},"end":{"line":6,"column":3}}],"line":2}},"s":{"0":1,"1":10,"2":10,"3":36,"4":0,"5":36},"f":{"0":10,"1":10,"2":36},"b":{"0":[0,36]},"_coverageSchema":"1a1c01bbd47fc00a2c39e90264f33305004495a9","hash":"28141cb5822d9512e78f304698ef59c4705c5379"}
,"/home/guilhermegiacomin/Desktop/Pessoal/redux-study/src/store/middleware/logger.js": {"path":"/home/guilhermegiacomin/Desktop/Pessoal/redux-study/src/store/middleware/logger.js","statementMap":{"0":{"start":{"line":5,"column":15},"end":{"line":7,"column":1}},"1":{"start":{"line":5,"column":24},"end":{"line":7,"column":1}},"2":{"start":{"line":5,"column":32},"end":{"line":7,"column":1}},"3":{"start":{"line":6,"column":2},"end":{"line":6,"column":22}}},"fnMap":{"0":{"name":"(anonymous_0)","decl":{"start":{"line":5,"column":15},"end":{"line":5,"column":16}},"loc":{"start":{"line":5,"column":24},"end":{"line":7,"column":1}},"line":5},"1":{"name":"(anonymous_1)","decl":{"start":{"line":5,"column":24},"end":{"line":5,"column":25}},"loc":{"start":{"line":5,"column":32},"end":{"line":7,"column":1}},"line":5},"2":{"name":"(anonymous_2)","decl":{"start":{"line":5,"column":32},"end":{"line":5,"column":33}},"loc":{"start":{"line":5,"column":42},"end":{"line":7,"column":1}},"line":5}},"branchMap":{},"s":{"0":1,"1":10,"2":10,"3":36},"f":{"0":10,"1":10,"2":36},"b":{},"_coverageSchema":"1a1c01bbd47fc00a2c39e90264f33305004495a9","hash":"b079d93d434987a1ff0a7efa92751322b39aa907"}
}
