TN:
SF:src/math.js
FN:1,(anonymous_0)
FNF:1
FNH:1
FNDA:2,(anonymous_0)
DA:1,2
LF:1
LH:1
BRF:0
BRH:0
end_of_record
TN:
SF:src/store/api.js
FNF:0
FNH:0
DA:3,1
DA:4,1
DA:5,1
LF:3
LH:3
BRF:0
BRH:0
end_of_record
TN:
SF:src/store/bugs.js
FN:13,(anonymous_0)
FN:17,(anonymous_1)
FN:23,(anonymous_2)
FN:27,(anonymous_3)
FN:31,(anonymous_4)
FN:33,(anonymous_5)
FN:37,(anonymous_6)
FN:38,(anonymous_7)
FN:42,(anonymous_8)
FN:44,(anonymous_9)
FN:65,(anonymous_10)
FN:73,(anonymous_11)
FN:81,(anonymous_12)
FN:89,(anonymous_13)
FN:89,(anonymous_14)
FN:121,(anonymous_15)
FN:122,(anonymous_16)
FN:122,(anonymous_17)
FN:127,(anonymous_18)
FN:128,(anonymous_19)
FN:130,(anonymous_20)
FN:130,(anonymous_21)
FNF:22
FNH:13
FNDA:5,(anonymous_0)
FNDA:4,(anonymous_1)
FNDA:1,(anonymous_2)
FNDA:3,(anonymous_3)
FNDA:1,(anonymous_4)
FNDA:1,(anonymous_5)
FNDA:0,(anonymous_6)
FNDA:0,(anonymous_7)
FNDA:0,(anonymous_8)
FNDA:0,(anonymous_9)
FNDA:4,(anonymous_10)
FNDA:2,(anonymous_11)
FNDA:0,(anonymous_12)
FNDA:6,(anonymous_13)
FNDA:6,(anonymous_14)
FNDA:1,(anonymous_15)
FNDA:1,(anonymous_16)
FNDA:3,(anonymous_17)
FNDA:0,(anonymous_18)
FNDA:0,(anonymous_19)
FNDA:0,(anonymous_20)
FNDA:0,(anonymous_21)
DA:5,1
DA:14,5
DA:18,4
DA:19,4
DA:20,4
DA:24,1
DA:28,3
DA:32,1
DA:33,1
DA:34,1
DA:38,0
DA:39,0
DA:43,0
DA:44,0
DA:45,0
DA:58,1
DA:63,1
DA:65,1
DA:66,4
DA:73,1
DA:74,2
DA:81,1
DA:82,0
DA:89,6
DA:90,6
DA:93,6
DA:94,6
DA:98,1
DA:100,5
DA:120,1
DA:121,1
DA:122,3
DA:125,1
DA:127,0
DA:128,0
DA:130,0
LF:36
LH:27
BRDA:94,0,0,1
BRDA:94,0,1,5
BRF:2
BRH:2
end_of_record
TN:
SF:src/store/configureStore.js
FN:7,(anonymous_0)
FN:10,(anonymous_1)
FNF:2
FNH:2
FNDA:10,(anonymous_0)
FNDA:10,(anonymous_1)
DA:8,10
DA:10,10
LF:2
LH:2
BRF:0
BRH:0
end_of_record
TN:
SF:src/store/entities.js
FNF:0
FNH:0
LF:0
LH:0
BRF:0
BRH:0
end_of_record
TN:
SF:src/store/projects.js
FN:9,(anonymous_0)
FNF:1
FNH:0
FNDA:0,(anonymous_0)
DA:3,1
DA:5,1
DA:10,0
DA:15,1
LF:4
LH:3
BRF:0
BRH:0
end_of_record
TN:
SF:src/store/reducer.js
FNF:0
FNH:0
LF:0
LH:0
BRF:0
BRH:0
end_of_record
TN:
SF:src/store/users.js
FN:9,(anonymous_0)
FNF:1
FNH:0
FNDA:0,(anonymous_0)
DA:3,1
DA:5,1
DA:10,0
DA:18,1
LF:4
LH:3
BRF:0
BRH:0
end_of_record
TN:
SF:src/store/middleware/api.js
FN:4,(anonymous_0)
FN:4,(anonymous_1)
FN:4,(anonymous_2)
FNF:3
FNH:3
FNDA:10,(anonymous_0)
FNDA:10,(anonymous_1)
FNDA:36,(anonymous_2)
DA:4,10
DA:5,36
DA:7,11
DA:9,11
DA:11,11
DA:13,11
DA:14,11
DA:23,8
DA:25,8
DA:29,3
DA:31,3
LF:11
LH:11
BRDA:5,0,0,25
BRDA:5,0,1,11
BRDA:9,1,0,5
BRDA:9,1,1,6
BRDA:25,2,0,8
BRDA:25,2,1,0
BRDA:31,3,0,1
BRDA:31,3,1,2
BRF:8
BRH:7
end_of_record
TN:
SF:src/store/middleware/error.js
FN:1,(anonymous_0)
FN:1,(anonymous_1)
FN:1,(anonymous_2)
FNF:3
FNH:3
FNDA:10,(anonymous_0)
FNDA:10,(anonymous_1)
FNDA:36,(anonymous_2)
DA:1,10
DA:2,36
DA:3,0
DA:5,36
LF:4
LH:3
BRDA:2,0,0,0
BRDA:2,0,1,36
BRF:2
BRH:1
end_of_record
TN:
SF:src/store/middleware/logger.js
FN:5,(anonymous_0)
FN:5,(anonymous_1)
FN:5,(anonymous_2)
FNF:3
FNH:3
FNDA:10,(anonymous_0)
FNDA:10,(anonymous_1)
FNDA:36,(anonymous_2)
DA:5,10
DA:6,36
LF:2
LH:2
BRF:0
BRH:0
end_of_record
